<?xml version="1.0" encoding="UTF-8"?>
<!-- Generated by org.testng.reporters.JUnitXMLReporter -->
<testsuite hostname="DESKTOP-9I9ULG3" ignored="0" name="Test" tests="2" failures="0" timestamp="26 Apr 2021 12:59:40 GMT" time="6.697" errors="0">
  <testcase name="@AfterMethod aftermethod" time="0.0" classname="org.ngtest.ExtendReport">
    <failure type="org.testng.TestNGException" message="
Can inject only one of &amp;lt;ITestContext, XmlTest, Method, Object[]&amp;gt; into a AfterMethod annotated aftermethod.
For more information on native dependency injection please refer to http://testng.org/doc/documentation-main.html#native-dependency-injection">
      <![CDATA[org.testng.TestNGException: 
Can inject only one of <ITestContext, XmlTest, Method, Object[]> into a AfterMethod annotated aftermethod.
For more information on native dependency injection please refer to http://testng.org/doc/documentation-main.html#native-dependency-injection
... Removed 25 stack frames]]>
    </failure>
  </testcase> <!-- @AfterMethod aftermethod -->
  <testcase name="@BeforeMethod beforemethod" time="0.0" classname="org.ngtest.ExtendReport">
    <skipped/>
  </testcase> <!-- @BeforeMethod beforemethod -->
  <testcase name="@AfterClass afterclass" time="0.0" classname="org.ngtest.ExtendReport">
    <skipped/>
  </testcase> <!-- @AfterClass afterclass -->
  <testcase name="tc1" time="0.32" classname="org.ngtest.ExtendReport"/>
  <testcase name="toc" time="0.0" classname="org.ngtest.ExtendReport">
    <skipped/>
  </testcase> <!-- toc -->
</testsuite> <!-- Test -->
