<?xml version="1.0" encoding="UTF-8"?>
<testng-results skipped="0" failed="0" ignored="0" total="1" passed="1">
  <reporter-output>
  </reporter-output>
  <suite name="Default suite" duration-ms="14989" started-at="2021-04-27T04:47:17Z" finished-at="2021-04-27T04:47:32Z">
    <groups>
    </groups>
    <test name="Default test" duration-ms="14989" started-at="2021-04-27T04:47:17Z" finished-at="2021-04-27T04:47:32Z">
      <class name="org.ngtest.BaseClassWithTestng">
        <test-method status="PASS" signature="register()[pri:0, instance:org.ngtest.BaseClassWithTestng@604ed9f0]" name="register" duration-ms="14949" started-at="2021-04-27T10:17:17Z" finished-at="2021-04-27T10:17:32Z">
          <reporter-output>
          </reporter-output>
        </test-method> <!-- register -->
      </class> <!-- org.ngtest.BaseClassWithTestng -->
    </test> <!-- Default test -->
  </suite> <!-- Default suite -->
</testng-results>
